# JRE version: OpenJDK Runtime Environment (11.0.2+9) (build 11.0.2+9)
# Java VM: OpenJDK 64-Bit Server VM (11.0.2+9, mixed mode, tiered, compressed oops, g1 gc, windows-amd64)
Heap:
 garbage-first heap   total 240640K, used 184616K [0x0000000740000000, 0x0000000800000000)
  region size 1024K, 46 young (47104K), 2 survivors (2048K)
 Metaspace       used 119247K, capacity 120654K, committed 126672K, reserved 1157120K
  class space    used 16182K, capacity 16738K, committed 18816K, reserved 1048576K
GC Heap History (10 events):
Event: 81332.122 GC heap before
{Heap before GC invocations=415 (full 14):
 garbage-first heap   total 240640K, used 197506K [0x0000000740000000, 0x0000000800000000)
  region size 1024K, 60 young (61440K), 2 survivors (2048K)
 Metaspace       used 119159K, capacity 120558K, committed 126672K, reserved 1157120K
  class space    used 16182K, capacity 16738K, committed 18816K, reserved 1048576K
}
Event: 81332.124 GC heap after
{Heap after GC invocations=416 (full 14):
 garbage-first heap   total 240640K, used 137304K [0x0000000740000000, 0x0000000800000000)
  region size 1024K, 2 young (2048K), 2 survivors (2048K)
 Metaspace       used 119159K, capacity 120558K, committed 126672K, reserved 1157120K
  class space    used 16182K, capacity 16738K, committed 18816K, reserved 1048576K
}
Event: 81336.360 GC heap before
{Heap before GC invocations=416 (full 14):
 garbage-first heap   total 240640K, used 196696K [0x0000000740000000, 0x0000000800000000)
  region size 1024K, 60 young (61440K), 2 survivors (2048K)
 Metaspace       used 119160K, capacity 120558K, committed 126672K, reserved 1157120K
  class space    used 16182K, capacity 16738K, committed 18816K, reserved 1048576K
}
Event: 81336.364 GC heap after
{Heap after GC invocations=417 (full 14):
 garbage-first heap   total 240640K, used 137599K [0x0000000740000000, 0x0000000800000000)
  region size 1024K, 2 young (2048K), 2 survivors (2048K)
 Metaspace       used 119160K, capacity 120558K, committed 126672K, reserved 1157120K
  class space    used 16182K, capacity 16738K, committed 18816K, reserved 1048576K
}
Event: 81336.783 GC heap before
{Heap before GC invocations=417 (full 14):
 garbage-first heap   total 240640K, used 196991K [0x0000000740000000, 0x0000000800000000)
  region size 1024K, 60 young (61440K), 2 survivors (2048K)
 Metaspace       used 119164K, capacity 120558K, committed 126672K, reserved 1157120K
  class space    used 16182K, capacity 16738K, committed 18816K, reserved 1048576K
}
Event: 81336.785 GC heap after
{Heap after GC invocations=418 (full 14):
 garbage-first heap   total 240640K, used 137723K [0x0000000740000000, 0x0000000800000000)
  region size 1024K, 2 young (2048K), 2 survivors (2048K)
 Metaspace       used 119164K, capacity 120558K, committed 126672K, reserved 1157120K
  class space    used 16182K, capacity 16738K, committed 18816K, reserved 1048576K
}
Event: 81337.242 GC heap before
{Heap before GC invocations=418 (full 14):
 garbage-first heap   total 240640K, used 197115K [0x0000000740000000, 0x0000000800000000)
  region size 1024K, 60 young (61440K), 2 survivors (2048K)
 Metaspace       used 119197K, capacity 120559K, committed 126672K, reserved 1157120K
  class space    used 16182K, capacity 16738K, committed 18816K, reserved 1048576K
}
Event: 81337.245 GC heap after
{Heap after GC invocations=419 (full 14):
 garbage-first heap   total 240640K, used 138305K [0x0000000740000000, 0x0000000800000000)
  region size 1024K, 2 young (2048K), 2 survivors (2048K)
 Metaspace       used 119197K, capacity 120559K, committed 126672K, reserved 1157120K
  class space    used 16182K, capacity 16738K, committed 18816K, reserved 1048576K
}
Event: 81337.812 GC heap before
{Heap before GC invocations=419 (full 14):
 garbage-first heap   total 240640K, used 197697K [0x0000000740000000, 0x0000000800000000)
  region size 1024K, 60 young (61440K), 2 survivors (2048K)
 Metaspace       used 119233K, capacity 120590K, committed 126672K, reserved 1157120K
  class space    used 16182K, capacity 16738K, committed 18816K, reserved 1048576K
}
Event: 81337.814 GC heap after
{Heap after GC invocations=420 (full 14):
 garbage-first heap   total 240640K, used 138536K [0x0000000740000000, 0x0000000800000000)
  region size 1024K, 2 young (2048K), 2 survivors (2048K)
 Metaspace       used 119233K, capacity 120590K, committed 126672K, reserved 1157120K
  class space    used 16182K, capacity 16738K, committed 18816K, reserved 1048576K
}

